<?xml version="1.0" encoding="UTF-8"?>
<!-- Generated by org.testng.reporters.JUnitReportReporter -->
<testsuite hostname="DESKTOP-97ULS23" name="com.orangeHRM.testCases.Test_LoginFunctionality" tests="1" failures="0" timestamp="30 May 2023 03:26:32 GMT" time="19.555" errors="0">
  <testcase name="validateLoginPage" time="19.555" classname="com.orangeHRM.testCases.Test_LoginFunctionality"/>
</testsuite> <!-- com.orangeHRM.testCases.Test_LoginFunctionality -->
